<?xml version="1.0" encoding="UTF-8"?>
<testsuite name="liebman.nasa.neo.NeoServiceTest" tests="1" skipped="0" failures="0" errors="0" timestamp="2020-05-05T16:48:02" hostname="Dell-3000" time="2.434">
  <properties/>
  <testcase name="getAsteroids" classname="liebman.nasa.neo.NeoServiceTest" time="2.434"/>
  <system-out><![CDATA[]]></system-out>
  <system-err><![CDATA[]]></system-err>
</testsuite>
