<?xml version="1.0" encoding="UTF-8"?>
<testsuite name="liebman.nasa.neo.NeoFrameTest" tests="1" skipped="0" failures="0" errors="0" timestamp="2020-05-19T23:08:55" hostname="Dell-3000" time="5.271">
  <properties/>
  <testcase name="requestDate" classname="liebman.nasa.neo.NeoFrameTest" time="5.271"/>
  <system-out><![CDATA[]]></system-out>
  <system-err><![CDATA[]]></system-err>
</testsuite>
